<?xml version="1.0" encoding="UTF-8"?>
<robot generator="Robot 7.4.2 (Python 3.12.2 on darwin)" generated="2026-08-27T23:01:33.158116" rpa="false" schemaversion="5">
<suite id="s1" name="Cotacao Seguro" source="/Users/titosantos/Documents/tricentis_automacao/tests/cotacao_seguro.robot">
<test id="s1-t1" name="Cenário 01: Realizar solicitacao de cotacao de seguro de automovel com sucesso" line="15">
<kw name="Dado que acesso o portal de seguros Tricentis" owner="common_keywords">
<kw name="Iniciar Navegador E Acessar Aplicacao" owner="base_page">
<kw name="New Browser" owner="Browser">
<msg time="2026-08-27T23:01:33.327111" level="INFO">{"browser": "chromium", "headless": false, "chromiumSandbox": false, "devtools": false, "handleSIGHUP": true, "handleSIGINT": true, "handleSIGTERM": true, "slowMo": 0.0, "timeout": 30000.0, "tracesDir": "/Users/titosantos/Documents/tricentis_automacao/results/browser/traces/temp/6a89a358-e2d5-47de-9a2a-527d9e30ddc8"}</msg>
<msg time="2026-08-27T23:01:33.404428" level="INFO">Starting Browser process /Users/titosantos/.pyenv/versions/3.12.2/lib/python3.12/site-packages/Browser/wrapper/index.js using at 127.0.0.1:51430</msg>
<msg time="2026-08-27T23:01:36.121514" level="INFO">Successfully created browser with options: {"browser":"chromium","headless":false,"chromiumSandbox":false,"devtools":false,"handleSIGHUP":true,"handleSIGINT":true,"handleSIGTERM":true,"slowMo":0,"timeout":30000,"tracesDir":"/Users/titosantos/Documents/tricentis_automacao/results/browser/traces/temp/6a89a358-e2d5-47de-9a2a-527d9e30ddc8"}</msg>
<arg>browser=${BROWSER}</arg>
<arg>headless=${headless}</arg>
<tag>BrowserControl</tag>
<tag>Setter</tag>
<doc>Create a new playwright Browser with specified options.</doc>
<status status="PASS" start="2026-08-27T23:01:33.326691" elapsed="2.796290"/>
</kw>
<kw name="New Context" owner="Browser">
<msg time="2026-08-27T23:01:36.128562" level="INFO">{
  "acceptDownloads": true,
  "bypassCSP": false,
  "forcedColors": "none",
  "ignoreHTTPSErrors": false,
  "javaScriptEnabled": true,
  "offline": false,
  "reducedMotion": "no-preference",
  "serviceWorkers": "allow",
  "viewport": {
    "width": 1366,
    "height": 768
  }
}</msg>
<msg time="2026-08-27T23:01:36.163652" level="INFO">Successfully created context. </msg>
<msg time="2026-08-27T23:01:36.163722" level="INFO">{'acceptDownloads': True, 'bypassCSP': False, 'forcedColors': 'none', 'ignoreHTTPSErrors': False, 'javaScriptEnabled': True, 'offline': False, 'reducedMotion': 'no-preference', 'serviceWorkers': 'allow', 'viewport': {'width': 1366, 'height': 768}}</msg>
<arg>viewport={'width': 1366, 'height': 768}</arg>
<tag>BrowserControl</tag>
<tag>Setter</tag>
<doc>Create a new BrowserContext with specified options.</doc>
<status status="PASS" start="2026-08-27T23:01:36.124394" elapsed="0.039391"/>
</kw>
<kw name="New Page" owner="Browser">
<msg time="2026-08-27T23:01:38.539089" level="INFO">Successfully initialized new page object and opened url: https://sampleapp.tricentis.com/101/app.php</msg>
<arg>${url}</arg>
<tag>BrowserControl</tag>
<tag>Setter</tag>
<doc>Open a new Page.</doc>
<status status="PASS" start="2026-08-27T23:01:36.163944" elapsed="2.375546"/>
</kw>
<kw name="Wait For Elements State" owner="Browser">
<msg time="2026-08-27T23:01:38.585067" level="INFO">Waited for Element with selector id=insurance-form at state visible</msg>
<arg>${INSURANCE_FORM}</arg>
<arg>visible</arg>
<arg>timeout=${TIMEOUT_DEFAULT}</arg>
<tag>PageContent</tag>
<tag>Wait</tag>
<doc>Waits for the element found by ``selector`` to satisfy state option.</doc>
<status status="PASS" start="2026-08-27T23:01:38.539963" elapsed="0.045209"/>
</kw>
<arg>url=${url}</arg>
<arg>headless=${headless}</arg>
<doc>Inicializa o navegador configurado (Chromium/Playwright), cria o contexto e acessa a URL base da aplicação.</doc>
<status status="PASS" start="2026-08-27T23:01:33.326266" elapsed="5.259040"/>
</kw>
<status status="PASS" start="2026-08-27T23:01:33.326027" elapsed="5.259345"/>
</kw>
<kw name="Quando preencho o formulario na aba Enter Vehicle Data e pressiono Next" owner="vehicle_data_keywords">
<kw name="Preencher dados do veiculo" owner="vehicle_data_keywords">
<kw name="Selecionar Fabricante" owner="enter_vehicle_data_page">
<kw name="Wait For Elements State" owner="Browser">
<msg time="2026-08-27T23:01:38.592779" level="INFO">Waited for Element with selector id=make at state visible</msg>
<arg>${VEHICLE_MAKE_SELECT}</arg>
<arg>visible</arg>
<arg>timeout=${TIMEOUT_DEFAULT}</arg>
<tag>PageContent</tag>
<tag>Wait</tag>
<doc>Waits for the element found by ``selector`` to satisfy state option.</doc>
<status status="PASS" start="2026-08-27T23:01:38.589222" elapsed="0.003635"/>
</kw>
<kw name="Select Options By" owner="Browser">
<msg time="2026-08-27T23:01:38.593435" level="INFO">Selects the option(s) Ford by attribute SelectAttribute.value from element id=make.</msg>
<arg>${VEHICLE_MAKE_SELECT}</arg>
<arg>value</arg>
<arg>${make}</arg>
<tag>PageContent</tag>
<tag>Setter</tag>
<doc>Selects options from select element found by ``selector``.</doc>
<status status="PASS" start="2026-08-27T23:01:38.592977" elapsed="0.037087"/>
</kw>
<arg>${dados.make}</arg>
<doc>Seleciona a marca/fabricante do veículo (ex: Ford, Audi, BMW, etc.).</doc>
<status status="PASS" start="2026-08-27T23:01:38.588348" elapsed="0.041829"/>
</kw>
<kw name="Selecionar Modelo" owner="enter_vehicle_data_page">
<kw name="Wait For Elements State" owner="Browser">
<msg time="2026-08-27T23:01:38.634502" level="INFO">Waited for Element with selector id=model at state visible</msg>
<arg>${VEHICLE_MODEL_SELECT}</arg>
<arg>visible</arg>
<arg>timeout=${TIMEOUT_DEFAULT}</arg>
<tag>PageContent</tag>
<tag>Wait</tag>
<doc>Waits for the element found by ``selector`` to satisfy state option.</doc>
<status status="PASS" start="2026-08-27T23:01:38.631018" elapsed="0.003569"/>
</kw>
<kw name="Select Options By" owner="Browser">
<msg time="2026-08-27T23:01:38.635022" level="INFO">Selects the option(s) Scooter by attribute SelectAttribute.value from element id=model.</msg>
<arg>${VEHICLE_MODEL_SELECT}</arg>
<arg>value</arg>
<arg>${model}</arg>
<tag>PageContent</tag>
<tag>Setter</tag>
<doc>Selects options from select element found by ``selector``.</doc>
<status status="PASS" start="2026-08-27T23:01:38.634709" elapsed="0.009581"/>
</kw>
<arg>${dados.model}</arg>
<doc>Seleciona o modelo do veículo (ex: Scooter, Moped, Motorcycle, etc.).</doc>
<status status="PASS" start="2026-08-27T23:01:38.630354" elapsed="0.014030"/>
</kw>
<kw name="Preencher Capacidade Cilindrada" owner="enter_vehicle_data_page">
<kw name="Preencher Campo" owner="base_page">
<kw name="Wait For Elements State" owner="Browser">
<msg time="2026-08-27T23:01:38.649358" level="INFO">Waited for Element with selector id=cylindercapacity at state visible</msg>
<arg>${locator}</arg>
<arg>visible</arg>
<arg>timeout=${TIMEOUT_DEFAULT}</arg>
<tag>PageContent</tag>
<tag>Wait</tag>
<doc>Waits for the element found by ``selector`` to satisfy state option.</doc>
<status status="PASS" start="2026-08-27T23:01:38.645628" elapsed="0.003900"/>
</kw>
<kw name="Fill Text" owner="Browser">
<msg time="2026-08-27T23:01:38.650196" level="INFO">Fills the text '1234' in the given field.</msg>
<arg>${locator}</arg>
<arg>${texto}</arg>
<tag>PageContent</tag>
<tag>Setter</tag>
<doc>Clears and fills the given ``txt`` into the text field found by ``selector``.</doc>
<status status="PASS" start="2026-08-27T23:01:38.649824" elapsed="0.013522"/>
</kw>
<arg>${VEHICLE_CYLINDER_CAPACITY_INPUT}</arg>
<arg>${ccm}</arg>
<status status="PASS" start="2026-08-27T23:01:38.645380" elapsed="0.018048"/>
</kw>
<arg>${dados.cylinder_capacity}</arg>
<doc>Preenche a capacidade do motor em cilindradas [ccm] (ex: 1234).</doc>
<status status="PASS" start="2026-08-27T23:01:38.644538" elapsed="0.018927"/>
</kw>
<kw name="Preencher Desempenho Motor" owner="enter_vehicle_data_page">
<kw name="Preencher Campo" owner="base_page">
<kw name="Wait For Elements State" owner="Browser">
<msg time="2026-08-27T23:01:38.670945" level="INFO">Waited for Element with selector id=engineperformance at state visible</msg>
<arg>${locator}</arg>
<arg>visible</arg>
<arg>timeout=${TIMEOUT_DEFAULT}</arg>
<tag>PageContent</tag>
<tag>Wait</tag>
<doc>Waits for the element found by ``selector`` to satisfy state option.</doc>
<status status="PASS" start="2026-08-27T23:01:38.664765" elapsed="0.006263"/>
</kw>
<kw name="Fill Text" owner="Browser">
<msg time="2026-08-27T23:01:38.671514" level="INFO">Fills the text '123' in the given field.</msg>
<arg>${locator}</arg>
<arg>${texto}</arg>
<tag>PageContent</tag>
<tag>Setter</tag>
<doc>Clears and fills the given ``txt`` into the text field found by ``selector``.</doc>
<status status="PASS" start="2026-08-27T23:01:38.671222" elapsed="0.007070"/>
</kw>
<arg>${VEHICLE_ENGINE_PERFORMANCE_INPUT}</arg>
<arg>${kw}</arg>
<status status="PASS" start="2026-08-27T23:01:38.664495" elapsed="0.014181"/>
</kw>
<arg>${dados.engine_performance}</arg>
<doc>Preenche o desempenho do motor em kW (ex: 123).</doc>
<status status="PASS" start="2026-08-27T23:01:38.663620" elapsed="0.015261"/>
</kw>
<kw name="Preencher Data Fabricacao" owner="enter_vehicle_data_page">
<kw name="Preencher Campo" owner="base_page">
<kw name="Wait For Elements State" owner="Browser">
<msg time="2026-08-27T23:01:38.683612" level="INFO">Waited for Element with selector id=dateofmanufacture at state visible</msg>
<arg>${locator}</arg>
<arg>visible</arg>
<arg>timeout=${TIMEOUT_DEFAULT}</arg>
<tag>PageContent</tag>
<tag>Wait</tag>
<doc>Waits for the element found by ``selector`` to satisfy state option.</doc>
<status status="PASS" start="2026-08-27T23:01:38.680164" elapsed="0.003517"/>
</kw>
<kw name="Fill Text" owner="Browser">
<msg time="2026-08-27T23:01:38.684077" level="INFO">Fills the text '10/08/1986' in the given field.</msg>
<arg>${locator}</arg>
<arg>${texto}</arg>
<tag>PageContent</tag>
<tag>Setter</tag>
<doc>Clears and fills the given ``txt`` into the text field found by ``selector``.</doc>
<status status="PASS" start="2026-08-27T23:01:38.683799" elapsed="0.006414"/>
</kw>
<arg>${VEHICLE_DATE_OF_MANUFACTURE_INPUT}</arg>
<arg>${data}</arg>
<status status="PASS" start="2026-08-27T23:01:38.679899" elapsed="0.010417"/>
</kw>
<arg>${dados.date_of_manufacture}</arg>
<doc>Preenche a data de fabricação do veículo no formato MM/DD/YYYY (ex: 10/08/1986).</doc>
<status status="PASS" start="2026-08-27T23:01:38.679101" elapsed="0.011260"/>
</kw>
<kw name="Selecionar Numero De Assentos" owner="enter_vehicle_data_page">
<kw name="Wait For Elements State" owner="Browser">
<msg time="2026-08-27T23:01:38.694102" level="INFO">Waited for Element with selector id=numberofseats at state visible</msg>
<arg>${VEHICLE_NUMBER_OF_SEATS_SELECT}</arg>
<arg>visible</arg>
<arg>timeout=${TIMEOUT_DEFAULT}</arg>
<tag>PageContent</tag>
<tag>Wait</tag>
<doc>Waits for the element found by ``selector`` to satisfy state option.</doc>
<status status="PASS" start="2026-08-27T23:01:38.691261" elapsed="0.002905"/>
</kw>
<kw name="Select Options By" owner="Browser">
<msg time="2026-08-27T23:01:38.694559" level="INFO">Selects the option(s) 2 by attribute SelectAttribute.value from element id=numberofseats.</msg>
<arg>${VEHICLE_NUMBER_OF_SEATS_SELECT}</arg>
<arg>value</arg>
<arg>${assentos}</arg>
<tag>PageContent</tag>
<tag>Setter</tag>
<doc>Selects options from select element found by ``selector``.</doc>
<status status="PASS" start="2026-08-27T23:01:38.694274" elapsed="0.006837"/>
</kw>
<arg>${dados.number_of_seats}</arg>
<doc>Seleciona a quantidade de assentos (ex: 2).</doc>
<status status="PASS" start="2026-08-27T23:01:38.690553" elapsed="0.010631"/>
</kw>
<kw name="Selecionar Direcao Lado Direito" owner="enter_vehicle_data_page">
<if>
<branch type="IF" condition="'${lado_direito.upper()}' == 'YES'">
<kw name="Clicar No Elemento" owner="base_page">
<kw name="Wait For Elements State" owner="Browser">
<msg time="2026-08-27T23:01:38.707130" level="INFO">Waited for Element with selector xpath=//input[@id='righthanddriveyes']/parent::label at state visible</msg>
<arg>${locator}</arg>
<arg>visible</arg>
<arg>timeout=${TIMEOUT_DEFAULT}</arg>
<tag>PageContent</tag>
<tag>Wait</tag>
<doc>Waits for the element found by ``selector`` to satisfy state option.</doc>
<status status="PASS" start="2026-08-27T23:01:38.702986" elapsed="0.004209"/>
</kw>
<kw name="Click" owner="Browser">
<msg time="2026-08-27T23:01:38.707560" level="INFO">Clicks the element 'xpath=//input[@id='righthanddriveyes']/parent::label'.</msg>
<arg>${locator}</arg>
<tag>PageContent</tag>
<tag>Setter</tag>
<doc>Simulates mouse click on the element found by ``selector``.</doc>
<status status="PASS" start="2026-08-27T23:01:38.707309" elapsed="0.050706"/>
</kw>
<arg>${VEHICLE_RIGHT_HAND_DRIVE_YES_RADIO}</arg>
<status status="PASS" start="2026-08-27T23:01:38.702780" elapsed="0.055323"/>
</kw>
<status status="PASS" start="2026-08-27T23:01:38.702092" elapsed="0.056039"/>
</branch>
<branch type="ELSE">
<kw name="Clicar No Elemento" owner="base_page">
<arg>${VEHICLE_RIGHT_HAND_DRIVE_NO_RADIO}</arg>
<status status="NOT RUN" start="2026-08-27T23:01:38.758445" elapsed="0.000066"/>
</kw>
<status status="NOT RUN" start="2026-08-27T23:01:38.758174" elapsed="0.000366"/>
</branch>
<status status="PASS" start="2026-08-27T23:01:38.702060" elapsed="0.056503"/>
</if>
<arg>${dados.right_hand_drive}</arg>
<doc>Seleciona o posicionamento do volante (Yes ou No).</doc>
<status status="PASS" start="2026-08-27T23:01:38.701364" elapsed="0.057236"/>
</kw>
<kw name="Selecionar Numero De Assentos Motocicleta" owner="enter_vehicle_data_page">
<kw name="Wait For Elements State" owner="Browser">
<msg time="2026-08-27T23:01:38.762063" level="INFO">Waited for Element with selector id=numberofseatsmotorcycle at state visible</msg>
<arg>${VEHICLE_NUMBER_OF_SEATS_MOTORCYCLE_SELECT}</arg>
<arg>visible</arg>
<arg>timeout=${TIMEOUT_DEFAULT}</arg>
<tag>PageContent</tag>
<tag>Wait</tag>
<doc>Waits for the element found by ``selector`` to satisfy state option.</doc>
<status status="PASS" start="2026-08-27T23:01:38.759361" elapsed="0.002767"/>
</kw>
<kw name="Select Options By" owner="Browser">
<msg time="2026-08-27T23:01:38.762518" level="INFO">Selects the option(s) 1 by attribute SelectAttribute.value from element id=numberofseatsmotorcycle.</msg>
<arg>${VEHICLE_NUMBER_OF_SEATS_MOTORCYCLE_SELECT}</arg>
<arg>value</arg>
<arg>${assentos}</arg>
<tag>PageContent</tag>
<tag>Setter</tag>
<doc>Selects options from select element found by ``selector``.</doc>
<status status="PASS" start="2026-08-27T23:01:38.762237" elapsed="0.006722"/>
</kw>
<arg>${dados.number_of_seats_motorcycle}</arg>
<doc>Seleciona a quantidade de assentos da categoria motocicleta (ex: 1).</doc>
<status status="PASS" start="2026-08-27T23:01:38.758704" elapsed="0.010318"/>
</kw>
<kw name="Selecionar Tipo De Combustivel" owner="enter_vehicle_data_page">
<kw name="Wait For Elements State" owner="Browser">
<msg time="2026-08-27T23:01:38.772164" level="INFO">Waited for Element with selector id=fuel at state visible</msg>
<arg>${VEHICLE_FUEL_TYPE_SELECT}</arg>
<arg>visible</arg>
<arg>timeout=${TIMEOUT_DEFAULT}</arg>
<tag>PageContent</tag>
<tag>Wait</tag>
<doc>Waits for the element found by ``selector`` to satisfy state option.</doc>
<status status="PASS" start="2026-08-27T23:01:38.769810" elapsed="0.002420"/>
</kw>
<kw name="Select Options By" owner="Browser">
<msg time="2026-08-27T23:01:38.772625" level="INFO">Selects the option(s) Petrol by attribute SelectAttribute.value from element id=fuel.</msg>
<arg>${VEHICLE_FUEL_TYPE_SELECT}</arg>
<arg>value</arg>
<arg>${combustivel}</arg>
<tag>PageContent</tag>
<tag>Setter</tag>
<doc>Selects options from select element found by ``selector``.</doc>
<status status="PASS" start="2026-08-27T23:01:38.772343" elapsed="0.006077"/>
</kw>
<arg>${dados.fuel_type}</arg>
<doc>Seleciona o tipo de combustível (Petrol, Diesel, Electric Power, Gas, Other).</doc>
<status status="PASS" start="2026-08-27T23:01:38.769160" elapsed="0.009333"/>
</kw>
<kw name="Preencher Carga Util" owner="enter_vehicle_data_page">
<kw name="Preencher Campo" owner="base_page">
<kw name="Wait For Elements State" owner="Browser">
<msg time="2026-08-27T23:01:38.781764" level="INFO">Waited for Element with selector id=payload at state visible</msg>
<arg>${locator}</arg>
<arg>visible</arg>
<arg>timeout=${TIMEOUT_DEFAULT}</arg>
<tag>PageContent</tag>
<tag>Wait</tag>
<doc>Waits for the element found by ``selector`` to satisfy state option.</doc>
<status status="PASS" start="2026-08-27T23:01:38.779524" elapsed="0.002342"/>
</kw>
<kw name="Fill Text" owner="Browser">
<msg time="2026-08-27T23:01:38.782219" level="INFO">Fills the text '12' in the given field.</msg>
<arg>${locator}</arg>
<arg>${texto}</arg>
<tag>PageContent</tag>
<tag>Setter</tag>
<doc>Clears and fills the given ``txt`` into the text field found by ``selector``.</doc>
<status status="PASS" start="2026-08-27T23:01:38.781958" elapsed="0.005809"/>
</kw>
<arg>${VEHICLE_PAYLOAD_INPUT}</arg>
<arg>${carga}</arg>
<status status="PASS" start="2026-08-27T23:01:38.779306" elapsed="0.008540"/>
</kw>
<arg>${dados.payload}</arg>
<doc>Preenche a carga útil em kg [Payload] (ex: 12).</doc>
<status status="PASS" start="2026-08-27T23:01:38.778631" elapsed="0.009252"/>
</kw>
<kw name="Preencher Peso Total" owner="enter_vehicle_data_page">
<kw name="Preencher Campo" owner="base_page">
<kw name="Wait For Elements State" owner="Browser">
<msg time="2026-08-27T23:01:38.793196" level="INFO">Waited for Element with selector id=totalweight at state visible</msg>
<arg>${locator}</arg>
<arg>visible</arg>
<arg>timeout=${TIMEOUT_DEFAULT}</arg>
<tag>PageContent</tag>
<tag>Wait</tag>
<doc>Waits for the element found by ``selector`` to satisfy state option.</doc>
<status status="PASS" start="2026-08-27T23:01:38.789209" elapsed="0.004105"/>
</kw>
<kw name="Fill Text" owner="Browser">
<msg time="2026-08-27T23:01:38.793771" level="INFO">Fills the text '1234' in the given field.</msg>
<arg>${locator}</arg>
<arg>${texto}</arg>
<tag>PageContent</tag>
<tag>Setter</tag>
<doc>Clears and fills the given ``txt`` into the text field found by ``selector``.</doc>
<status status="PASS" start="2026-08-27T23:01:38.793464" elapsed="0.005998"/>
</kw>
<arg>${VEHICLE_TOTAL_WEIGHT_INPUT}</arg>
<arg>${peso}</arg>
<status status="PASS" start="2026-08-27T23:01:38.788879" elapsed="0.010668"/>
</kw>
<arg>${dados.total_weight}</arg>
<doc>Preenche o peso total do veículo em kg [Total Weight] (ex: 1234).</doc>
<status status="PASS" start="2026-08-27T23:01:38.788048" elapsed="0.011536"/>
</kw>
<kw name="Preencher Preco De Tabela" owner="enter_vehicle_data_page">
<kw name="Preencher Campo" owner="base_page">
<kw name="Wait For Elements State" owner="Browser">
<msg time="2026-08-27T23:01:38.804246" level="INFO">Waited for Element with selector id=listprice at state visible</msg>
<arg>${locator}</arg>
<arg>visible</arg>
<arg>timeout=${TIMEOUT_DEFAULT}</arg>
<tag>PageContent</tag>
<tag>Wait</tag>
<doc>Waits for the element found by ``selector`` to satisfy state option.</doc>
<status status="PASS" start="2026-08-27T23:01:38.800740" elapsed="0.003577"/>
</kw>
<kw name="Fill Text" owner="Browser">
<msg time="2026-08-27T23:01:38.804693" level="INFO">Fills the text '12398' in the given field.</msg>
<arg>${locator}</arg>
<arg>${texto}</arg>
<tag>PageContent</tag>
<tag>Setter</tag>
<doc>Clears and fills the given ``txt`` into the text field found by ``selector``.</doc>
<status status="PASS" start="2026-08-27T23:01:38.804423" elapsed="0.005995"/>
</kw>
<arg>${VEHICLE_LIST_PRICE_INPUT}</arg>
<arg>${preco}</arg>
<status status="PASS" start="2026-08-27T23:01:38.800529" elapsed="0.009981"/>
</kw>
<arg>${dados.list_price}</arg>
<doc>Preenche o valor de tabela do veículo em dólares ($) (ex: 12398).</doc>
<status status="PASS" start="2026-08-27T23:01:38.799759" elapsed="0.010889"/>
</kw>
<kw name="Preencher Placa Do Veiculo" owner="enter_vehicle_data_page">
<kw name="Preencher Campo" owner="base_page">
<kw name="Wait For Elements State" owner="Browser">
<msg time="2026-08-27T23:01:38.814022" level="INFO">Waited for Element with selector id=licenseplatenumber at state visible</msg>
<arg>${locator}</arg>
<arg>visible</arg>
<arg>timeout=${TIMEOUT_DEFAULT}</arg>
<tag>PageContent</tag>
<tag>Wait</tag>
<doc>Waits for the element found by ``selector`` to satisfy state option.</doc>
<status status="PASS" start="2026-08-27T23:01:38.811766" elapsed="0.002319"/>
</kw>
<kw name="Fill Text" owner="Browser">
<msg time="2026-08-27T23:01:38.814437" level="INFO">Fills the text '12345' in the given field.</msg>
<arg>${locator}</arg>
<arg>${texto}</arg>
<tag>PageContent</tag>
<tag>Setter</tag>
<doc>Clears and fills the given ``txt`` into the text field found by ``selector``.</doc>
<status status="PASS" start="2026-08-27T23:01:38.814187" elapsed="0.004492"/>
</kw>
<arg>${VEHICLE_LICENSE_PLATE_INPUT}</arg>
<arg>${placa}</arg>
<status status="PASS" start="2026-08-27T23:01:38.811590" elapsed="0.007157"/>
</kw>
<arg>${dados.license_plate}</arg>
<doc>Preenche a identificação da placa do veículo (ex: 12345).</doc>
<status status="PASS" start="2026-08-27T23:01:38.810896" elapsed="0.007884"/>
</kw>
<kw name="Preencher Quilometragem Anual" owner="enter_vehicle_data_page">
<kw name="Preencher Campo" owner="base_page">
<kw name="Wait For Elements State" owner="Browser">
<msg time="2026-08-27T23:01:38.822346" level="INFO">Waited for Element with selector id=annualmileage at state visible</msg>
<arg>${locator}</arg>
<arg>visible</arg>
<arg>timeout=${TIMEOUT_DEFAULT}</arg>
<tag>PageContent</tag>
<tag>Wait</tag>
<doc>Waits for the element found by ``selector`` to satisfy state option.</doc>
<status status="PASS" start="2026-08-27T23:01:38.819939" elapsed="0.002457"/>
</kw>
<kw name="Fill Text" owner="Browser">
<msg time="2026-08-27T23:01:38.822716" level="INFO">Fills the text '988' in the given field.</msg>
<arg>${locator}</arg>
<arg>${texto}</arg>
<tag>PageContent</tag>
<tag>Setter</tag>
<doc>Clears and fills the given ``txt`` into the text field found by ``selector``.</doc>
<status status="PASS" start="2026-08-27T23:01:38.822478" elapsed="0.005154"/>
</kw>
<arg>${VEHICLE_ANNUAL_MILEAGE_INPUT}</arg>
<arg>${milhas}</arg>
<status status="PASS" start="2026-08-27T23:01:38.819740" elapsed="0.008019"/>
</kw>
<arg>${dados.annual_mileage}</arg>
<doc>Preenche a estimativa de quilometragem anual em milhas (ex: 988).</doc>
<status status="PASS" start="2026-08-27T23:01:38.818908" elapsed="0.008895"/>
</kw>
<arg>${dados}</arg>
<status status="PASS" start="2026-08-27T23:01:38.588020" elapsed="0.239813"/>
</kw>
<kw name="Avancar para aba de dados do segurado" owner="vehicle_data_keywords">
<kw name="Clicar No Botao Proximo Em Dados Do Veiculo" owner="enter_vehicle_data_page">
<kw name="Clicar No Elemento" owner="base_page">
<kw name="Wait For Elements State" owner="Browser">
<msg time="2026-08-27T23:01:38.833461" level="INFO">Waited for Element with selector id=nextenterinsurantdata at state visible</msg>
<arg>${locator}</arg>
<arg>visible</arg>
<arg>timeout=${TIMEOUT_DEFAULT}</arg>
<tag>PageContent</tag>
<tag>Wait</tag>
<doc>Waits for the element found by ``selector`` to satisfy state option.</doc>
<status status="PASS" start="2026-08-27T23:01:38.828514" elapsed="0.005018"/>
</kw>
<kw name="Click" owner="Browser">
<msg time="2026-08-27T23:01:38.833901" level="INFO">Clicks the element 'id=nextenterinsurantdata'.</msg>
<arg>${locator}</arg>
<tag>PageContent</tag>
<tag>Setter</tag>
<doc>Simulates mouse click on the element found by ``selector``.</doc>
<status status="PASS" start="2026-08-27T23:01:38.833643" elapsed="0.029599"/>
</kw>
<arg>${VEHICLE_NEXT_BUTTON}</arg>
<status status="PASS" start="2026-08-27T23:01:38.828312" elapsed="0.035018"/>
</kw>
<doc>Clica no botão 'Next' para avançar para a aba 'Enter Insurant Data'.</doc>
<status status="PASS" start="2026-08-27T23:01:38.828169" elapsed="0.035195"/>
</kw>
<status status="PASS" start="2026-08-27T23:01:38.827950" elapsed="0.035441"/>
</kw>
<status status="PASS" start="2026-08-27T23:01:38.586973" elapsed="0.276445"/>
</kw>
<kw name="E preencho o formulario na aba Enter Insurant Data e pressiono Next" owner="insurant_data_keywords">
<kw name="Preencher dados do segurado" owner="insurant_data_keywords">
<kw name="Preencher Primeiro Nome" owner="enter_insurant_data_page">
<kw name="Preencher Campo" owner="base_page">
<kw name="Wait For Elements State" owner="Browser">
<msg time="2026-08-27T23:01:38.867858" level="INFO">Waited for Element with selector id=firstname at state visible</msg>
<arg>${locator}</arg>
<arg>visible</arg>
<arg>timeout=${TIMEOUT_DEFAULT}</arg>
<tag>PageContent</tag>
<tag>Wait</tag>
<doc>Waits for the element found by ``selector`` to satisfy state option.</doc>
<status status="PASS" start="2026-08-27T23:01:38.864943" elapsed="0.003038"/>
</kw>
<kw name="Fill Text" owner="Browser">
<msg time="2026-08-27T23:01:38.868386" level="INFO">Fills the text 'Tito' in the given field.</msg>
<arg>${locator}</arg>
<arg>${texto}</arg>
<tag>PageContent</tag>
<tag>Setter</tag>
<doc>Clears and fills the given ``txt`` into the text field found by ``selector``.</doc>
<status status="PASS" start="2026-08-27T23:01:38.868103" elapsed="0.005757"/>
</kw>
<arg>${INSURANT_FIRST_NAME_INPUT}</arg>
<arg>${primeiro_nome}</arg>
<status status="PASS" start="2026-08-27T23:01:38.864754" elapsed="0.009225"/>
</kw>
<arg>${dados.first_name}</arg>
<status status="PASS" start="2026-08-27T23:01:38.864146" elapsed="0.009888"/>
</kw>
<kw name="Preencher Sobrenome" owner="enter_insurant_data_page">
<kw name="Preencher Campo" owner="base_page">
<kw name="Wait For Elements State" owner="Browser">
<msg time="2026-08-27T23:01:38.877372" level="INFO">Waited for Element with selector id=lastname at state visible</msg>
<arg>${locator}</arg>
<arg>visible</arg>
<arg>timeout=${TIMEOUT_DEFAULT}</arg>
<tag>PageContent</tag>
<tag>Wait</tag>
<doc>Waits for the element found by ``selector`` to satisfy state option.</doc>
<status status="PASS" start="2026-08-27T23:01:38.875013" elapsed="0.002427"/>
</kw>
<kw name="Fill Text" owner="Browser">
<msg time="2026-08-27T23:01:38.877804" level="INFO">Fills the text 'Santos' in the given field.</msg>
<arg>${locator}</arg>
<arg>${texto}</arg>
<tag>PageContent</tag>
<tag>Setter</tag>
<doc>Clears and fills the given ``txt`` into the text field found by ``selector``.</doc>
<status status="PASS" start="2026-08-27T23:01:38.877550" elapsed="0.006393"/>
</kw>
<arg>${INSURANT_LAST_NAME_INPUT}</arg>
<arg>${sobrenome}</arg>
<status status="PASS" start="2026-08-27T23:01:38.874824" elapsed="0.009240"/>
</kw>
<arg>${dados.last_name}</arg>
<status status="PASS" start="2026-08-27T23:01:38.874175" elapsed="0.009926"/>
</kw>
<kw name="Preencher Data De Nascimento" owner="enter_insurant_data_page">
<kw name="Preencher Campo" owner="base_page">
<kw name="Wait For Elements State" owner="Browser">
<msg time="2026-08-27T23:01:38.888390" level="INFO">Waited for Element with selector id=birthdate at state visible</msg>
<arg>${locator}</arg>
<arg>visible</arg>
<arg>timeout=${TIMEOUT_DEFAULT}</arg>
<tag>PageContent</tag>
<tag>Wait</tag>
<doc>Waits for the element found by ``selector`` to satisfy state option.</doc>
<status status="PASS" start="2026-08-27T23:01:38.885096" elapsed="0.003376"/>
</kw>
<kw name="Fill Text" owner="Browser">
<msg time="2026-08-27T23:01:38.888886" level="INFO">Fills the text '08/15/1992' in the given field.</msg>
<arg>${locator}</arg>
<arg>${texto}</arg>
<tag>PageContent</tag>
<tag>Setter</tag>
<doc>Clears and fills the given ``txt`` into the text field found by ``selector``.</doc>
<status status="PASS" start="2026-08-27T23:01:38.888596" elapsed="0.005837"/>
</kw>
<arg>${INSURANT_BIRTH_DATE_INPUT}</arg>
<arg>${data_nascimento}</arg>
<status status="PASS" start="2026-08-27T23:01:38.884900" elapsed="0.009608"/>
</kw>
<arg>${dados.birth_date}</arg>
<status status="PASS" start="2026-08-27T23:01:38.884236" elapsed="0.010305"/>
</kw>
<kw name="Selecionar Genero" owner="enter_insurant_data_page">
<if>
<branch type="IF" condition="'${genero.upper()}' == 'MALE'">
<kw name="Clicar No Elemento" owner="base_page">
<kw name="Wait For Elements State" owner="Browser">
<msg time="2026-08-27T23:01:38.898769" level="INFO">Waited for Element with selector xpath=//input[@id='gendermale']/parent::label at state visible</msg>
<arg>${locator}</arg>
<arg>visible</arg>
<arg>timeout=${TIMEOUT_DEFAULT}</arg>
<tag>PageContent</tag>
<tag>Wait</tag>
<doc>Waits for the element found by ``selector`` to satisfy state option.</doc>
<status status="PASS" start="2026-08-27T23:01:38.896096" elapsed="0.002727"/>
</kw>
<kw name="Click" owner="Browser">
<msg time="2026-08-27T23:01:38.899121" level="INFO">Clicks the element 'xpath=//input[@id='gendermale']/parent::label'.</msg>
<arg>${locator}</arg>
<tag>PageContent</tag>
<tag>Setter</tag>
<doc>Simulates mouse click on the element found by ``selector``.</doc>
<status status="PASS" start="2026-08-27T23:01:38.898913" elapsed="0.020239"/>
</kw>
<arg>${INSURANT_GENDER_MALE_RADIO}</arg>
<status status="PASS" start="2026-08-27T23:01:38.895920" elapsed="0.023313"/>
</kw>
<status status="PASS" start="2026-08-27T23:01:38.895389" elapsed="0.023871"/>
</branch>
<branch type="ELSE">
<kw name="Clicar No Elemento" owner="base_page">
<arg>${INSURANT_GENDER_FEMALE_RADIO}</arg>
<status status="NOT RUN" start="2026-08-27T23:01:38.919486" elapsed="0.000042"/>
</kw>
<status status="NOT RUN" start="2026-08-27T23:01:38.919288" elapsed="0.000262"/>
</branch>
<status status="PASS" start="2026-08-27T23:01:38.895374" elapsed="0.024193"/>
</if>
<arg>${dados.gender}</arg>
<doc>Seleciona o gênero do segurado (Male ou Female).</doc>
<status status="PASS" start="2026-08-27T23:01:38.894760" elapsed="0.024836"/>
</kw>
<kw name="Preencher Endereco" owner="enter_insurant_data_page">
<kw name="Preencher Campo" owner="base_page">
<kw name="Wait For Elements State" owner="Browser">
<msg time="2026-08-27T23:01:38.924388" level="INFO">Waited for Element with selector id=streetaddress at state visible</msg>
<arg>${locator}</arg>
<arg>visible</arg>
<arg>timeout=${TIMEOUT_DEFAULT}</arg>
<tag>PageContent</tag>
<tag>Wait</tag>
<doc>Waits for the element found by ``selector`` to satisfy state option.</doc>
<status status="PASS" start="2026-08-27T23:01:38.920555" elapsed="0.003924"/>
</kw>
<kw name="Fill Text" owner="Browser">
<msg time="2026-08-27T23:01:38.924924" level="INFO">Fills the text 'Av Paulista, 1000' in the given field.</msg>
<arg>${locator}</arg>
<arg>${texto}</arg>
<tag>PageContent</tag>
<tag>Setter</tag>
<doc>Clears and fills the given ``txt`` into the text field found by ``selector``.</doc>
<status status="PASS" start="2026-08-27T23:01:38.924608" elapsed="0.004537"/>
</kw>
<arg>${INSURANT_STREET_ADDRESS_INPUT}</arg>
<arg>${endereco}</arg>
<status status="PASS" start="2026-08-27T23:01:38.920331" elapsed="0.008898"/>
</kw>
<arg>${dados.street_address}</arg>
<status status="PASS" start="2026-08-27T23:01:38.919676" elapsed="0.009589"/>
</kw>
<kw name="Selecionar Pais" owner="enter_insurant_data_page">
<kw name="Wait For Elements State" owner="Browser">
<msg time="2026-08-27T23:01:38.932245" level="INFO">Waited for Element with selector id=country at state visible</msg>
<arg>${INSURANT_COUNTRY_SELECT}</arg>
<arg>visible</arg>
<arg>timeout=${TIMEOUT_DEFAULT}</arg>
<tag>PageContent</tag>
<tag>Wait</tag>
<doc>Waits for the element found by ``selector`` to satisfy state option.</doc>
<status status="PASS" start="2026-08-27T23:01:38.930035" elapsed="0.002271"/>
</kw>
<kw name="Select Options By" owner="Browser">
<msg time="2026-08-27T23:01:38.932637" level="INFO">Selects the option(s) Brazil by attribute SelectAttribute.value from element id=country.</msg>
<arg>${INSURANT_COUNTRY_SELECT}</arg>
<arg>value</arg>
<arg>${pais}</arg>
<tag>PageContent</tag>
<tag>Setter</tag>
<doc>Selects options from select element found by ``selector``.</doc>
<status status="PASS" start="2026-08-27T23:01:38.932403" elapsed="0.015321"/>
</kw>
<arg>${dados.country}</arg>
<status status="PASS" start="2026-08-27T23:01:38.929389" elapsed="0.018415"/>
</kw>
<kw name="Preencher CEP" owner="enter_insurant_data_page">
<kw name="Preencher Campo" owner="base_page">
<kw name="Wait For Elements State" owner="Browser">
<msg time="2026-08-27T23:01:38.951949" level="INFO">Waited for Element with selector id=zipcode at state visible</msg>
<arg>${locator}</arg>
<arg>visible</arg>
<arg>timeout=${TIMEOUT_DEFAULT}</arg>
<tag>PageContent</tag>
<tag>Wait</tag>
<doc>Waits for the element found by ``selector`` to satisfy state option.</doc>
<status status="PASS" start="2026-08-27T23:01:38.949173" elapsed="0.002849"/>
</kw>
<kw name="Fill Text" owner="Browser">
<msg time="2026-08-27T23:01:38.952450" level="INFO">Fills the text '12345' in the given field.</msg>
<arg>${locator}</arg>
<arg>${texto}</arg>
<tag>PageContent</tag>
<tag>Setter</tag>
<doc>Clears and fills the given ``txt`` into the text field found by ``selector``.</doc>
<status status="PASS" start="2026-08-27T23:01:38.952178" elapsed="0.004905"/>
</kw>
<arg>${INSURANT_ZIP_CODE_INPUT}</arg>
<arg>${cep}</arg>
<status status="PASS" start="2026-08-27T23:01:38.948785" elapsed="0.008371"/>
</kw>
<arg>${dados.zip_code}</arg>
<status status="PASS" start="2026-08-27T23:01:38.947953" elapsed="0.009234"/>
</kw>
<kw name="Preencher Cidade" owner="enter_insurant_data_page">
<kw name="Preencher Campo" owner="base_page">
<kw name="Wait For Elements State" owner="Browser">
<msg time="2026-08-27T23:01:38.960427" level="INFO">Waited for Element with selector id=city at state visible</msg>
<arg>${locator}</arg>
<arg>visible</arg>
<arg>timeout=${TIMEOUT_DEFAULT}</arg>
<tag>PageContent</tag>
<tag>Wait</tag>
<doc>Waits for the element found by ``selector`` to satisfy state option.</doc>
<status status="PASS" start="2026-08-27T23:01:38.958117" elapsed="0.002367"/>
</kw>
<kw name="Fill Text" owner="Browser">
<msg time="2026-08-27T23:01:38.960812" level="INFO">Fills the text 'Sao Paulo' in the given field.</msg>
<arg>${locator}</arg>
<arg>${texto}</arg>
<tag>PageContent</tag>
<tag>Setter</tag>
<doc>Clears and fills the given ``txt`` into the text field found by ``selector``.</doc>
<status status="PASS" start="2026-08-27T23:01:38.960584" elapsed="0.004985"/>
</kw>
<arg>${INSURANT_CITY_INPUT}</arg>
<arg>${cidade}</arg>
<status status="PASS" start="2026-08-27T23:01:38.957929" elapsed="0.007708"/>
</kw>
<arg>${dados.city}</arg>
<status status="PASS" start="2026-08-27T23:01:38.957305" elapsed="0.008365"/>
</kw>
<kw name="Selecionar Ocupacao" owner="enter_insurant_data_page">
<kw name="Wait For Elements State" owner="Browser">
<msg time="2026-08-27T23:01:38.968751" level="INFO">Waited for Element with selector id=occupation at state visible</msg>
<arg>${INSURANT_OCCUPATION_SELECT}</arg>
<arg>visible</arg>
<arg>timeout=${TIMEOUT_DEFAULT}</arg>
<tag>PageContent</tag>
<tag>Wait</tag>
<doc>Waits for the element found by ``selector`` to satisfy state option.</doc>
<status status="PASS" start="2026-08-27T23:01:38.966490" elapsed="0.002316"/>
</kw>
<kw name="Select Options By" owner="Browser">
<msg time="2026-08-27T23:01:38.969115" level="INFO">Selects the option(s) Employee by attribute SelectAttribute.value from element id=occupation.</msg>
<arg>${INSURANT_OCCUPATION_SELECT}</arg>
<arg>value</arg>
<arg>${ocupacao}</arg>
<tag>PageContent</tag>
<tag>Setter</tag>
<doc>Selects options from select element found by ``selector``.</doc>
<status status="PASS" start="2026-08-27T23:01:38.968895" elapsed="0.005907"/>
</kw>
<arg>${dados.occupation}</arg>
<status status="PASS" start="2026-08-27T23:01:38.965799" elapsed="0.009077"/>
</kw>
<kw name="Split String" owner="String">
<msg time="2026-08-27T23:01:38.975598" level="INFO">@{hobbies} = [ Speeding | Skydiving ]</msg>
<var>@{hobbies}</var>
<arg>${dados.hobbies}</arg>
<arg>separator=,</arg>
<doc>Splits the ``string`` using ``separator`` as a delimiter string.</doc>
<status status="PASS" start="2026-08-27T23:01:38.974991" elapsed="0.000625"/>
</kw>
<for flavor="IN">
<iter>
<kw name="Strip String" owner="String">
<msg time="2026-08-27T23:01:38.976011" level="INFO">${hobbie_limpo} = Speeding</msg>
<var>${hobbie_limpo}</var>
<arg>${hobbie}</arg>
<doc>Remove leading and/or trailing whitespaces from the given string.</doc>
<status status="PASS" start="2026-08-27T23:01:38.975907" elapsed="0.000117"/>
</kw>
<kw name="Selecionar Hobbie" owner="enter_insurant_data_page">
<if>
<branch type="IF" condition="'${hobbie.lower()}' == 'speeding'">
<kw name="Clicar No Elemento" owner="base_page">
<kw name="Wait For Elements State" owner="Browser">
<msg time="2026-08-27T23:01:38.979803" level="INFO">Waited for Element with selector xpath=//input[@id='speeding']/parent::label at state visible</msg>
<arg>${locator}</arg>
<arg>visible</arg>
<arg>timeout=${TIMEOUT_DEFAULT}</arg>
<tag>PageContent</tag>
<tag>Wait</tag>
<doc>Waits for the element found by ``selector`` to satisfy state option.</doc>
<status status="PASS" start="2026-08-27T23:01:38.977512" elapsed="0.002349"/>
</kw>
<kw name="Click" owner="Browser">
<msg time="2026-08-27T23:01:38.980166" level="INFO">Clicks the element 'xpath=//input[@id='speeding']/parent::label'.</msg>
<arg>${locator}</arg>
<tag>PageContent</tag>
<tag>Setter</tag>
<doc>Simulates mouse click on the element found by ``selector``.</doc>
<status status="PASS" start="2026-08-27T23:01:38.979951" elapsed="0.013851"/>
</kw>
<arg>${INSURANT_HOBBY_SPEEDING_CHECKBOX}</arg>
<status status="PASS" start="2026-08-27T23:01:38.977296" elapsed="0.016586"/>
</kw>
<status status="PASS" start="2026-08-27T23:01:38.976500" elapsed="0.017407"/>
</branch>
<branch type="ELSE IF" condition="'${hobbie.lower()}' in ['bungeejumping', 'bungee']">
<kw name="Clicar No Elemento" owner="base_page">
<arg>${INSURANT_HOBBY_BUNGEE_CHECKBOX}</arg>
<status status="NOT RUN" start="2026-08-27T23:01:38.994152" elapsed="0.000072"/>
</kw>
<status status="NOT RUN" start="2026-08-27T23:01:38.993938" elapsed="0.000319"/>
</branch>
<branch type="ELSE IF" condition="'${hobbie.lower()}' in ['cliffdiving', 'cliff']">
<kw name="Clicar No Elemento" owner="base_page">
<arg>${INSURANT_HOBBY_CLIFF_CHECKBOX}</arg>
<status status="NOT RUN" start="2026-08-27T23:01:38.994397" elapsed="0.000037"/>
</kw>
<status status="NOT RUN" start="2026-08-27T23:01:38.994278" elapsed="0.000176"/>
</branch>
<branch type="ELSE IF" condition="'${hobbie.lower()}' in ['skydiving', 'sky']">
<kw name="Clicar No Elemento" owner="base_page">
<arg>${INSURANT_HOBBY_SKYDIVING_CHECKBOX}</arg>
<status status="NOT RUN" start="2026-08-27T23:01:38.994555" elapsed="0.000024"/>
</kw>
<status status="NOT RUN" start="2026-08-27T23:01:38.994471" elapsed="0.000124"/>
</branch>
<branch type="ELSE">
<kw name="Clicar No Elemento" owner="base_page">
<arg>${INSURANT_HOBBY_OTHER_CHECKBOX}</arg>
<status status="NOT RUN" start="2026-08-27T23:01:38.994701" elapsed="0.000026"/>
</kw>
<status status="NOT RUN" start="2026-08-27T23:01:38.994615" elapsed="0.000127"/>
</branch>
<status status="PASS" start="2026-08-27T23:01:38.976484" elapsed="0.018271"/>
</if>
<arg>${hobbie_limpo}</arg>
<doc>Marca a opção de hobby desejada.</doc>
<status status="PASS" start="2026-08-27T23:01:38.976164" elapsed="0.018619"/>
</kw>
<var name="${hobbie}">Speeding</var>
<status status="PASS" start="2026-08-27T23:01:38.975815" elapsed="0.018988"/>
</iter>
<iter>
<kw name="Strip String" owner="String">
<msg time="2026-08-27T23:01:38.995101" level="INFO">${hobbie_limpo} = Skydiving</msg>
<var>${hobbie_limpo}</var>
<arg>${hobbie}</arg>
<doc>Remove leading and/or trailing whitespaces from the given string.</doc>
<status status="PASS" start="2026-08-27T23:01:38.994977" elapsed="0.000137"/>
</kw>
<kw name="Selecionar Hobbie" owner="enter_insurant_data_page">
<if>
<branch type="IF" condition="'${hobbie.lower()}' == 'speeding'">
<kw name="Clicar No Elemento" owner="base_page">
<arg>${INSURANT_HOBBY_SPEEDING_CHECKBOX}</arg>
<status status="NOT RUN" start="2026-08-27T23:01:38.995824" elapsed="0.000024"/>
</kw>
<status status="NOT RUN" start="2026-08-27T23:01:38.995346" elapsed="0.000520"/>
</branch>
<branch type="ELSE IF" condition="'${hobbie.lower()}' in ['bungeejumping', 'bungee']">
<kw name="Clicar No Elemento" owner="base_page">
<arg>${INSURANT_HOBBY_BUNGEE_CHECKBOX}</arg>
<status status="NOT RUN" start="2026-08-27T23:01:38.996318" elapsed="0.000022"/>
</kw>
<status status="NOT RUN" start="2026-08-27T23:01:38.995881" elapsed="0.000476"/>
</branch>
<branch type="ELSE IF" condition="'${hobbie.lower()}' in ['cliffdiving', 'cliff']">
<kw name="Clicar No Elemento" owner="base_page">
<arg>${INSURANT_HOBBY_CLIFF_CHECKBOX}</arg>
<status status="NOT RUN" start="2026-08-27T23:01:38.996778" elapsed="0.000023"/>
</kw>
<status status="NOT RUN" start="2026-08-27T23:01:38.996371" elapsed="0.000446"/>
</branch>
<branch type="ELSE IF" condition="'${hobbie.lower()}' in ['skydiving', 'sky']">
<kw name="Clicar No Elemento" owner="base_page">
<kw name="Wait For Elements State" owner="Browser">
<msg time="2026-08-27T23:01:39.000438" level="INFO">Waited for Element with selector xpath=//input[@id='skydiving']/parent::label at state visible</msg>
<arg>${locator}</arg>
<arg>visible</arg>
<arg>timeout=${TIMEOUT_DEFAULT}</arg>
<tag>PageContent</tag>
<tag>Wait</tag>
<doc>Waits for the element found by ``selector`` to satisfy state option.</doc>
<status status="PASS" start="2026-08-27T23:01:38.997884" elapsed="0.002624"/>
</kw>
<kw name="Click" owner="Browser">
<msg time="2026-08-27T23:01:39.000850" level="INFO">Clicks the element 'xpath=//input[@id='skydiving']/parent::label'.</msg>
<arg>${locator}</arg>
<tag>PageContent</tag>
<tag>Setter</tag>
<doc>Simulates mouse click on the element found by ``selector``.</doc>
<status status="PASS" start="2026-08-27T23:01:39.000617" elapsed="0.014586"/>
</kw>
<arg>${INSURANT_HOBBY_SKYDIVING_CHECKBOX}</arg>
<status status="PASS" start="2026-08-27T23:01:38.997558" elapsed="0.017716"/>
</kw>
<status status="PASS" start="2026-08-27T23:01:38.996869" elapsed="0.018427"/>
</branch>
<branch type="ELSE">
<kw name="Clicar No Elemento" owner="base_page">
<arg>${INSURANT_HOBBY_OTHER_CHECKBOX}</arg>
<status status="NOT RUN" start="2026-08-27T23:01:39.015500" elapsed="0.000039"/>
</kw>
<status status="NOT RUN" start="2026-08-27T23:01:39.015322" elapsed="0.000236"/>
</branch>
<status status="PASS" start="2026-08-27T23:01:38.995338" elapsed="0.020236"/>
</if>
<arg>${hobbie_limpo}</arg>
<doc>Marca a opção de hobby desejada.</doc>
<status status="PASS" start="2026-08-27T23:01:38.995225" elapsed="0.020374"/>
</kw>
<var name="${hobbie}">Skydiving</var>
<status status="PASS" start="2026-08-27T23:01:38.994880" elapsed="0.020739"/>
</iter>
<var>${hobbie}</var>
<value>@{hobbies}</value>
<status status="PASS" start="2026-08-27T23:01:38.975674" elapsed="0.039973"/>
</for>
<kw name="Preencher Website" owner="enter_insurant_data_page">
<kw name="Preencher Campo" owner="base_page">
<kw name="Wait For Elements State" owner="Browser">
<msg time="2026-08-27T23:01:39.019275" level="INFO">Waited for Element with selector id=website at state visible</msg>
<arg>${locator}</arg>
<arg>visible</arg>
<arg>timeout=${TIMEOUT_DEFAULT}</arg>
<tag>PageContent</tag>
<tag>Wait</tag>
<doc>Waits for the element found by ``selector`` to satisfy state option.</doc>
<status status="PASS" start="2026-08-27T23:01:39.016472" elapsed="0.002883"/>
</kw>
<kw name="Fill Text" owner="Browser">
<msg time="2026-08-27T23:01:39.019756" level="INFO">Fills the text 'http://www.sample.com' in the given field.</msg>
<arg>${locator}</arg>
<arg>${texto}</arg>
<tag>PageContent</tag>
<tag>Setter</tag>
<doc>Clears and fills the given ``txt`` into the text field found by ``selector``.</doc>
<status status="PASS" start="2026-08-27T23:01:39.019476" elapsed="0.003838"/>
</kw>
<arg>${INSURANT_WEBSITE_INPUT}</arg>
<arg>${website}</arg>
<status status="PASS" start="2026-08-27T23:01:39.016300" elapsed="0.007095"/>
</kw>
<arg>${dados.website}</arg>
<status status="PASS" start="2026-08-27T23:01:39.015735" elapsed="0.007711"/>
</kw>
<kw name="Anexar Foto Do Segurado" owner="enter_insurant_data_page">
<if>
<branch type="IF" condition="'${caminho_imagem}' != '${EMPTY}'">
<kw name="Upload File By Selector" owner="Browser">
<arg>${INSURANT_PICTURE_INPUT}</arg>
<arg>${caminho_imagem}</arg>
<tag>PageContent</tag>
<tag>Setter</tag>
<doc>Uploads file from ``path`` to file input element matched by selector.</doc>
<status status="PASS" start="2026-08-27T23:01:39.024622" elapsed="0.017408"/>
</kw>
<status status="PASS" start="2026-08-27T23:01:39.024160" elapsed="0.017945"/>
</branch>
<status status="PASS" start="2026-08-27T23:01:39.024148" elapsed="0.018006"/>
</if>
<arg>${dados.picture}</arg>
<doc>Realiza o upload de imagem.</doc>
<status status="PASS" start="2026-08-27T23:01:39.023590" elapsed="0.018668"/>
</kw>
<arg>${dados}</arg>
<status status="PASS" start="2026-08-27T23:01:38.863950" elapsed="0.178361"/>
</kw>
<kw name="Avancar para aba de dados do produto" owner="insurant_data_keywords">
<kw name="Clicar No Botao Proximo Em Dados Do Segurado" owner="enter_insurant_data_page">
<kw name="Clicar No Elemento" owner="base_page">
<kw name="Wait For Elements State" owner="Browser">
<msg time="2026-08-27T23:01:39.045882" level="INFO">Waited for Element with selector id=nextenterproductdata at state visible</msg>
<arg>${locator}</arg>
<arg>visible</arg>
<arg>timeout=${TIMEOUT_DEFAULT}</arg>
<tag>PageContent</tag>
<tag>Wait</tag>
<doc>Waits for the element found by ``selector`` to satisfy state option.</doc>
<status status="PASS" start="2026-08-27T23:01:39.042974" elapsed="0.002981"/>
</kw>
<kw name="Click" owner="Browser">
<msg time="2026-08-27T23:01:39.046360" level="INFO">Clicks the element 'id=nextenterproductdata'.</msg>
<arg>${locator}</arg>
<tag>PageContent</tag>
<tag>Setter</tag>
<doc>Simulates mouse click on the element found by ``selector``.</doc>
<status status="PASS" start="2026-08-27T23:01:39.046080" elapsed="0.023446"/>
</kw>
<arg>${INSURANT_NEXT_BUTTON}</arg>
<status status="PASS" start="2026-08-27T23:01:39.042813" elapsed="0.026838"/>
</kw>
<status status="PASS" start="2026-08-27T23:01:39.042674" elapsed="0.027026"/>
</kw>
<status status="PASS" start="2026-08-27T23:01:39.042451" elapsed="0.027278"/>
</kw>
<status status="PASS" start="2026-08-27T23:01:38.863618" elapsed="0.206137"/>
</kw>
<kw name="E preencho o formulario na aba Enter Product Data e pressiono Next" owner="product_data_keywords">
<kw name="Preencher dados do produto" owner="product_data_keywords">
<kw name="Get Current Date" owner="DateTime">
<msg time="2026-08-27T23:01:39.070767" level="INFO">${data_futura} = 10/26/2026</msg>
<var>${data_futura}</var>
<arg>result_format=%m/%d/%Y</arg>
<arg>increment=60 days</arg>
<doc>Returns current local or UTC time with an optional increment.</doc>
<status status="PASS" start="2026-08-27T23:01:39.070558" elapsed="0.000226"/>
</kw>
<kw name="Preencher Data De Inicio" owner="enter_product_data_page">
<kw name="Preencher Campo" owner="base_page">
<kw name="Wait For Elements State" owner="Browser">
<msg time="2026-08-27T23:01:39.074179" level="INFO">Waited for Element with selector id=startdate at state visible</msg>
<arg>${locator}</arg>
<arg>visible</arg>
<arg>timeout=${TIMEOUT_DEFAULT}</arg>
<tag>PageContent</tag>
<tag>Wait</tag>
<doc>Waits for the element found by ``selector`` to satisfy state option.</doc>
<status status="PASS" start="2026-08-27T23:01:39.071293" elapsed="0.002963"/>
</kw>
<kw name="Fill Text" owner="Browser">
<msg time="2026-08-27T23:01:39.074633" level="INFO">Fills the text '10/26/2026' in the given field.</msg>
<arg>${locator}</arg>
<arg>${texto}</arg>
<tag>PageContent</tag>
<tag>Setter</tag>
<doc>Clears and fills the given ``txt`` into the text field found by ``selector``.</doc>
<status status="PASS" start="2026-08-27T23:01:39.074361" elapsed="0.005551"/>
</kw>
<arg>${PRODUCT_START_DATE_INPUT}</arg>
<arg>${data_inicio}</arg>
<status status="PASS" start="2026-08-27T23:01:39.071071" elapsed="0.008917"/>
</kw>
<arg>${data_futura}</arg>
<status status="PASS" start="2026-08-27T23:01:39.070885" elapsed="0.009137"/>
</kw>
<kw name="Selecionar Soma Segurada" owner="enter_product_data_page">
<kw name="Evaluate" owner="BuiltIn">
<msg time="2026-08-27T23:01:39.082318" level="INFO">${soma_limpa} = 7000000</msg>
<var>${soma_limpa}</var>
<arg>str('${soma_segurada}').replace('.', '').replace(',00', '').strip()</arg>
<doc>Evaluates the given expression in Python and returns the result.</doc>
<status status="PASS" start="2026-08-27T23:01:39.081280" elapsed="0.001060"/>
</kw>
<kw name="Wait For Elements State" owner="Browser">
<msg time="2026-08-27T23:01:39.085434" level="INFO">Waited for Element with selector id=insurancesum at state visible</msg>
<arg>${PRODUCT_INSURANCE_SUM_SELECT}</arg>
<arg>visible</arg>
<arg>timeout=${TIMEOUT_DEFAULT}</arg>
<tag>PageContent</tag>
<tag>Wait</tag>
<doc>Waits for the element found by ``selector`` to satisfy state option.</doc>
<status status="PASS" start="2026-08-27T23:01:39.082449" elapsed="0.003048"/>
</kw>
<kw name="Select Options By" owner="Browser">
<msg time="2026-08-27T23:01:39.085891" level="INFO">Selects the option(s) 7000000 by attribute SelectAttribute.value from element id=insurancesum.</msg>
<arg>${PRODUCT_INSURANCE_SUM_SELECT}</arg>
<arg>value</arg>
<arg>${soma_limpa}</arg>
<tag>PageContent</tag>
<tag>Setter</tag>
<doc>Selects options from select element found by ``selector``.</doc>
<status status="PASS" start="2026-08-27T23:01:39.085633" elapsed="0.008875"/>
</kw>
<arg>${dados.insurance_sum}</arg>
<status status="PASS" start="2026-08-27T23:01:39.080156" elapsed="0.014571"/>
</kw>
<kw name="Selecionar Classificacao De Merito" owner="enter_product_data_page">
<kw name="Wait For Elements State" owner="Browser">
<msg time="2026-08-27T23:01:39.097889" level="INFO">Waited for Element with selector id=meritrating at state visible</msg>
<arg>${PRODUCT_MERIT_RATING_SELECT}</arg>
<arg>visible</arg>
<arg>timeout=${TIMEOUT_DEFAULT}</arg>
<tag>PageContent</tag>
<tag>Wait</tag>
<doc>Waits for the element found by ``selector`` to satisfy state option.</doc>
<status status="PASS" start="2026-08-27T23:01:39.095666" elapsed="0.002290"/>
</kw>
<kw name="Select Options By" owner="Browser">
<msg time="2026-08-27T23:01:39.098324" level="INFO">Selects the option(s) Super Bonus by attribute SelectAttribute.value from element id=meritrating.</msg>
<arg>${PRODUCT_MERIT_RATING_SELECT}</arg>
<arg>value</arg>
<arg>${merit_rating}</arg>
<tag>PageContent</tag>
<tag>Setter</tag>
<doc>Selects options from select element found by ``selector``.</doc>
<status status="PASS" start="2026-08-27T23:01:39.098063" elapsed="0.006100"/>
</kw>
<arg>${dados.merit_rating}</arg>
<status status="PASS" start="2026-08-27T23:01:39.094923" elapsed="0.009303"/>
</kw>
<kw name="Selecionar Seguro De Danos" owner="enter_product_data_page">
<kw name="Wait For Elements State" owner="Browser">
<msg time="2026-08-27T23:01:39.106787" level="INFO">Waited for Element with selector id=damageinsurance at state visible</msg>
<arg>${PRODUCT_DAMAGE_INSURANCE_SELECT}</arg>
<arg>visible</arg>
<arg>timeout=${TIMEOUT_DEFAULT}</arg>
<tag>PageContent</tag>
<tag>Wait</tag>
<doc>Waits for the element found by ``selector`` to satisfy state option.</doc>
<status status="PASS" start="2026-08-27T23:01:39.105008" elapsed="0.001837"/>
</kw>
<kw name="Select Options By" owner="Browser">
<msg time="2026-08-27T23:01:39.107205" level="INFO">Selects the option(s) Full Coverage by attribute SelectAttribute.value from element id=damageinsurance.</msg>
<arg>${PRODUCT_DAMAGE_INSURANCE_SELECT}</arg>
<arg>value</arg>
<arg>${seguro_danos}</arg>
<tag>PageContent</tag>
<tag>Setter</tag>
<doc>Selects options from select element found by ``selector``.</doc>
<status status="PASS" start="2026-08-27T23:01:39.106939" elapsed="0.005635"/>
</kw>
<arg>${dados.damage_insurance}</arg>
<status status="PASS" start="2026-08-27T23:01:39.104340" elapsed="0.008299"/>
</kw>
<kw name="Split String" owner="String">
<msg time="2026-08-27T23:01:39.113373" level="INFO">@{opcionais} = [ EuroProtection | LegalDefenseInsurance ]</msg>
<var>@{opcionais}</var>
<arg>${dados.optional_products}</arg>
<arg>separator=,</arg>
<doc>Splits the ``string`` using ``separator`` as a delimiter string.</doc>
<status status="PASS" start="2026-08-27T23:01:39.112731" elapsed="0.000657"/>
</kw>
<for flavor="IN">
<iter>
<kw name="Strip String" owner="String">
<msg time="2026-08-27T23:01:39.113695" level="INFO">${opcional_limpo} = EuroProtection</msg>
<var>${opcional_limpo}</var>
<arg>${opcional}</arg>
<doc>Remove leading and/or trailing whitespaces from the given string.</doc>
<status status="PASS" start="2026-08-27T23:01:39.113606" elapsed="0.000100"/>
</kw>
<kw name="Selecionar Produto Opcional" owner="enter_product_data_page">
<if>
<branch type="IF" condition="'${produto_opcional.lower()}' in ['europrotection', 'euro']">
<kw name="Clicar No Elemento" owner="base_page">
<kw name="Wait For Elements State" owner="Browser">
<msg time="2026-08-27T23:01:39.116937" level="INFO">Waited for Element with selector xpath=//input[@id='EuroProtection']/parent::label at state visible</msg>
<arg>${locator}</arg>
<arg>visible</arg>
<arg>timeout=${TIMEOUT_DEFAULT}</arg>
<tag>PageContent</tag>
<tag>Wait</tag>
<doc>Waits for the element found by ``selector`` to satisfy state option.</doc>
<status status="PASS" start="2026-08-27T23:01:39.114635" elapsed="0.002361"/>
</kw>
<kw name="Click" owner="Browser">
<msg time="2026-08-27T23:01:39.117302" level="INFO">Clicks the element 'xpath=//input[@id='EuroProtection']/parent::label'.</msg>
<arg>${locator}</arg>
<tag>PageContent</tag>
<tag>Setter</tag>
<doc>Simulates mouse click on the element found by ``selector``.</doc>
<status status="PASS" start="2026-08-27T23:01:39.117092" elapsed="0.016014"/>
</kw>
<arg>${PRODUCT_OPTIONAL_EURO_PROTECTION_CHECKBOX}</arg>
<status status="PASS" start="2026-08-27T23:01:39.114498" elapsed="0.018675"/>
</kw>
<status status="PASS" start="2026-08-27T23:01:39.113936" elapsed="0.019259"/>
</branch>
<branch type="ELSE IF" condition="'${produto_opcional.lower()}' in ['legaldefenseinsurance', 'legaldefense', 'legal']">
<kw name="Clicar No Elemento" owner="base_page">
<arg>${PRODUCT_OPTIONAL_LEGAL_DEFENSE_CHECKBOX}</arg>
<status status="NOT RUN" start="2026-08-27T23:01:39.133388" elapsed="0.000037"/>
</kw>
<status status="NOT RUN" start="2026-08-27T23:01:39.133221" elapsed="0.000223"/>
</branch>
<status status="PASS" start="2026-08-27T23:01:39.113927" elapsed="0.019534"/>
</if>
<arg>${opcional_limpo}</arg>
<status status="PASS" start="2026-08-27T23:01:39.113811" elapsed="0.019674"/>
</kw>
<var name="${opcional}">EuroProtection</var>
<status status="PASS" start="2026-08-27T23:01:39.113528" elapsed="0.019975"/>
</iter>
<iter>
<kw name="Strip String" owner="String">
<msg time="2026-08-27T23:01:39.133769" level="INFO">${opcional_limpo} = LegalDefenseInsurance</msg>
<var>${opcional_limpo}</var>
<arg>${opcional}</arg>
<doc>Remove leading and/or trailing whitespaces from the given string.</doc>
<status status="PASS" start="2026-08-27T23:01:39.133648" elapsed="0.000135"/>
</kw>
<kw name="Selecionar Produto Opcional" owner="enter_product_data_page">
<if>
<branch type="IF" condition="'${produto_opcional.lower()}' in ['europrotection', 'euro']">
<kw name="Clicar No Elemento" owner="base_page">
<arg>${PRODUCT_OPTIONAL_EURO_PROTECTION_CHECKBOX}</arg>
<status status="NOT RUN" start="2026-08-27T23:01:39.134569" elapsed="0.000025"/>
</kw>
<status status="NOT RUN" start="2026-08-27T23:01:39.134003" elapsed="0.000611"/>
</branch>
<branch type="ELSE IF" condition="'${produto_opcional.lower()}' in ['legaldefenseinsurance', 'legaldefense', 'legal']">
<kw name="Clicar No Elemento" owner="base_page">
<kw name="Wait For Elements State" owner="Browser">
<msg time="2026-08-27T23:01:39.137610" level="INFO">Waited for Element with selector xpath=//input[@id='LegalDefenseInsurance']/parent::label at state visible</msg>
<arg>${locator}</arg>
<arg>visible</arg>
<arg>timeout=${TIMEOUT_DEFAULT}</arg>
<tag>PageContent</tag>
<tag>Wait</tag>
<doc>Waits for the element found by ``selector`` to satisfy state option.</doc>
<status status="PASS" start="2026-08-27T23:01:39.135295" elapsed="0.002374"/>
</kw>
<kw name="Click" owner="Browser">
<msg time="2026-08-27T23:01:39.137967" level="INFO">Clicks the element 'xpath=//input[@id='LegalDefenseInsurance']/parent::label'.</msg>
<arg>${locator}</arg>
<tag>PageContent</tag>
<tag>Setter</tag>
<doc>Simulates mouse click on the element found by ``selector``.</doc>
<status status="PASS" start="2026-08-27T23:01:39.137758" elapsed="0.015657"/>
</kw>
<arg>${PRODUCT_OPTIONAL_LEGAL_DEFENSE_CHECKBOX}</arg>
<status status="PASS" start="2026-08-27T23:01:39.135149" elapsed="0.018333"/>
</kw>
<status status="PASS" start="2026-08-27T23:01:39.134630" elapsed="0.018874"/>
</branch>
<status status="PASS" start="2026-08-27T23:01:39.133993" elapsed="0.019535"/>
</if>
<arg>${opcional_limpo}</arg>
<status status="PASS" start="2026-08-27T23:01:39.133884" elapsed="0.019667"/>
</kw>
<var name="${opcional}">LegalDefenseInsurance</var>
<status status="PASS" start="2026-08-27T23:01:39.133562" elapsed="0.020047"/>
</iter>
<var>${opcional}</var>
<value>@{opcionais}</value>
<status status="PASS" start="2026-08-27T23:01:39.113426" elapsed="0.040212"/>
</for>
<kw name="Selecionar Carro Reserva" owner="enter_product_data_page">
<kw name="Evaluate" owner="BuiltIn">
<msg time="2026-08-27T23:01:39.154608" level="INFO">${carro_reserva_limpo} = Yes</msg>
<var>${carro_reserva_limpo}</var>
<arg>str('${carro_reserva}').strip()</arg>
<doc>Evaluates the given expression in Python and returns the result.</doc>
<status status="PASS" start="2026-08-27T23:01:39.154393" elapsed="0.000229"/>
</kw>
<kw name="Wait For Elements State" owner="Browser">
<msg time="2026-08-27T23:01:39.157147" level="INFO">Waited for Element with selector id=courtesycar at state visible</msg>
<arg>${PRODUCT_COURTESY_CAR_SELECT}</arg>
<arg>visible</arg>
<arg>timeout=${TIMEOUT_DEFAULT}</arg>
<tag>PageContent</tag>
<tag>Wait</tag>
<doc>Waits for the element found by ``selector`` to satisfy state option.</doc>
<status status="PASS" start="2026-08-27T23:01:39.154693" elapsed="0.002529"/>
</kw>
<kw name="Select Options By" owner="Browser">
<msg time="2026-08-27T23:01:39.157598" level="INFO">Selects the option(s) Yes by attribute SelectAttribute.value from element id=courtesycar.</msg>
<arg>${PRODUCT_COURTESY_CAR_SELECT}</arg>
<arg>value</arg>
<arg>${carro_reserva_limpo}</arg>
<tag>PageContent</tag>
<tag>Setter</tag>
<doc>Selects options from select element found by ``selector``.</doc>
<status status="PASS" start="2026-08-27T23:01:39.157327" elapsed="0.005285"/>
</kw>
<arg>${dados.courtesy_car}</arg>
<status status="PASS" start="2026-08-27T23:01:39.153766" elapsed="0.008899"/>
</kw>
<arg>${dados}</arg>
<doc>Preenche individualmente os campos da aba de dados do produto.</doc>
<status status="PASS" start="2026-08-27T23:01:39.070345" elapsed="0.092348"/>
</kw>
<kw name="Avancar para aba de selecao de preco" owner="product_data_keywords">
<kw name="Clicar No Botao Proximo Em Dados Do Produto" owner="enter_product_data_page">
<kw name="Clicar No Elemento" owner="base_page">
<kw name="Wait For Elements State" owner="Browser">
<msg time="2026-08-27T23:01:39.165727" level="INFO">Waited for Element with selector id=nextselectpriceoption at state visible</msg>
<arg>${locator}</arg>
<arg>visible</arg>
<arg>timeout=${TIMEOUT_DEFAULT}</arg>
<tag>PageContent</tag>
<tag>Wait</tag>
<doc>Waits for the element found by ``selector`` to satisfy state option.</doc>
<status status="PASS" start="2026-08-27T23:01:39.163276" elapsed="0.002502"/>
</kw>
<kw name="Click" owner="Browser">
<msg time="2026-08-27T23:01:39.166049" level="INFO">Clicks the element 'id=nextselectpriceoption'.</msg>
<arg>${locator}</arg>
<tag>PageContent</tag>
<tag>Setter</tag>
<doc>Simulates mouse click on the element found by ``selector``.</doc>
<status status="PASS" start="2026-08-27T23:01:39.165862" elapsed="0.035758"/>
</kw>
<arg>${PRODUCT_NEXT_BUTTON}</arg>
<status status="PASS" start="2026-08-27T23:01:39.163104" elapsed="0.038608"/>
</kw>
<status status="PASS" start="2026-08-27T23:01:39.162960" elapsed="0.038789"/>
</kw>
<status status="PASS" start="2026-08-27T23:01:39.162783" elapsed="0.038991"/>
</kw>
<status status="PASS" start="2026-08-27T23:01:39.069985" elapsed="0.131812"/>
</kw>
<kw name="E preencho o formulario na aba Select Price Option e pressiono Next" owner="price_option_keywords">
<kw name="Selecionar plano e avancar" owner="price_option_keywords">
<kw name="Selecionar Plano De Preco" owner="select_price_option_page">
<kw name="Aguardar Tabela De Precos Disponivel" owner="select_price_option_page">
<kw name="Wait For Elements State" owner="Browser">
<msg time="2026-08-27T23:01:39.205710" level="INFO">Waited for Element with selector id=priceTable at state visible</msg>
<arg>${PRICE_TABLE}</arg>
<arg>visible</arg>
<arg>timeout=20s</arg>
<tag>PageContent</tag>
<tag>Wait</tag>
<doc>Waits for the element found by ``selector`` to satisfy state option.</doc>
<status status="PASS" start="2026-08-27T23:01:39.202837" elapsed="0.002970"/>
</kw>
<doc>Aguarda a tabela de preços carregar e ficar visível após os cálculos do formulário.</doc>
<status status="PASS" start="2026-08-27T23:01:39.202704" elapsed="0.003169"/>
</kw>
<if>
<branch type="IF" condition="'${plano.upper()}' == 'SILVER'">
<kw name="Clicar No Elemento" owner="base_page">
<kw name="Wait For Elements State" owner="Browser">
<msg time="2026-08-27T23:01:39.208747" level="INFO">Waited for Element with selector xpath=//input[@id='selectsilver']/parent::label at state visible</msg>
<arg>${locator}</arg>
<arg>visible</arg>
<arg>timeout=${TIMEOUT_DEFAULT}</arg>
<tag>PageContent</tag>
<tag>Wait</tag>
<doc>Waits for the element found by ``selector`` to satisfy state option.</doc>
<status status="PASS" start="2026-08-27T23:01:39.206710" elapsed="0.002099"/>
</kw>
<kw name="Click" owner="Browser">
<msg time="2026-08-27T23:01:39.209195" level="INFO">Clicks the element 'xpath=//input[@id='selectsilver']/parent::label'.</msg>
<arg>${locator}</arg>
<tag>PageContent</tag>
<tag>Setter</tag>
<doc>Simulates mouse click on the element found by ``selector``.</doc>
<status status="PASS" start="2026-08-27T23:01:39.208947" elapsed="0.015102"/>
</kw>
<arg>${PRICE_OPTION_SILVER_RADIO}</arg>
<status status="PASS" start="2026-08-27T23:01:39.206547" elapsed="0.017583"/>
</kw>
<status status="PASS" start="2026-08-27T23:01:39.205950" elapsed="0.018205"/>
</branch>
<branch type="ELSE IF" condition="'${plano.upper()}' == 'GOLD'">
<kw name="Clicar No Elemento" owner="base_page">
<arg>${PRICE_OPTION_GOLD_RADIO}</arg>
<status status="NOT RUN" start="2026-08-27T23:01:39.224378" elapsed="0.000034"/>
</kw>
<status status="NOT RUN" start="2026-08-27T23:01:39.224182" elapsed="0.000249"/>
</branch>
<branch type="ELSE IF" condition="'${plano.upper()}' == 'PLATINUM'">
<kw name="Clicar No Elemento" owner="base_page">
<arg>${PRICE_OPTION_PLATINUM_RADIO}</arg>
<status status="NOT RUN" start="2026-08-27T23:01:39.224530" elapsed="0.000024"/>
</kw>
<status status="NOT RUN" start="2026-08-27T23:01:39.224447" elapsed="0.000123"/>
</branch>
<branch type="ELSE IF" condition="'${plano.upper()}' == 'ULTIMATE'">
<kw name="Clicar No Elemento" owner="base_page">
<arg>${PRICE_OPTION_ULTIMATE_RADIO}</arg>
<status status="NOT RUN" start="2026-08-27T23:01:39.224656" elapsed="0.000021"/>
</kw>
<status status="NOT RUN" start="2026-08-27T23:01:39.224585" elapsed="0.000107"/>
</branch>
<branch type="ELSE">
<kw name="Fail" owner="BuiltIn">
<arg>Plano de preco '${plano}' nao suportado. Opcoes validas: Silver, Gold, Platinum, Ultimate.</arg>
<doc>Fails the test with the given message and optionally alters its tags.</doc>
<status status="NOT RUN" start="2026-08-27T23:01:39.224778" elapsed="0.000022"/>
</kw>
<status status="NOT RUN" start="2026-08-27T23:01:39.224705" elapsed="0.000112"/>
</branch>
<status status="PASS" start="2026-08-27T23:01:39.205924" elapsed="0.018907"/>
</if>
<arg>${plano}</arg>
<doc>Seleciona uma das opções de planos disponíveis: Silver, Gold, Platinum ou Ultimate.</doc>
<status status="PASS" start="2026-08-27T23:01:39.202544" elapsed="0.022312"/>
</kw>
<kw name="Clicar No Botao Proximo Em Opcoes De Preco" owner="select_price_option_page">
<kw name="Clicar No Elemento" owner="base_page">
<kw name="Wait For Elements State" owner="Browser">
<msg time="2026-08-27T23:01:39.507277" level="INFO">Waited for Element with selector id=nextsendquote at state visible</msg>
<arg>${locator}</arg>
<arg>visible</arg>
<arg>timeout=${TIMEOUT_DEFAULT}</arg>
<tag>PageContent</tag>
<tag>Wait</tag>
<doc>Waits for the element found by ``selector`` to satisfy state option.</doc>
<status status="PASS" start="2026-08-27T23:01:39.225223" elapsed="0.282292"/>
</kw>
<kw name="Click" owner="Browser">
<msg time="2026-08-27T23:01:39.508592" level="INFO">Clicks the element 'id=nextsendquote'.</msg>
<arg>${locator}</arg>
<tag>PageContent</tag>
<tag>Setter</tag>
<doc>Simulates mouse click on the element found by ``selector``.</doc>
<status status="PASS" start="2026-08-27T23:01:39.507850" elapsed="0.081421"/>
</kw>
<arg>${PRICE_NEXT_BUTTON}</arg>
<status status="PASS" start="2026-08-27T23:01:39.225081" elapsed="0.364335"/>
</kw>
<doc>Clica no botão 'Next' para avançar para a aba 'Send Quote'.</doc>
<status status="PASS" start="2026-08-27T23:01:39.224927" elapsed="0.364640"/>
</kw>
<arg>${plano}</arg>
<status status="PASS" start="2026-08-27T23:01:39.202297" elapsed="0.387324"/>
</kw>
<status status="PASS" start="2026-08-27T23:01:39.202000" elapsed="0.387667"/>
</kw>
<kw name="E preencho o formulario na aba Send Quote e pressiono Send" owner="send_quote_keywords">
<kw name="Preencher dados de envio da cotacao" owner="send_quote_keywords">
<kw name="Preencher Email" owner="send_quote_page">
<kw name="Preencher Campo" owner="base_page">
<kw name="Wait For Elements State" owner="Browser">
<msg time="2026-08-27T23:01:39.597079" level="INFO">Waited for Element with selector id=email at state visible</msg>
<arg>${locator}</arg>
<arg>visible</arg>
<arg>timeout=${TIMEOUT_DEFAULT}</arg>
<tag>PageContent</tag>
<tag>Wait</tag>
<doc>Waits for the element found by ``selector`` to satisfy state option.</doc>
<status status="PASS" start="2026-08-27T23:01:39.592439" elapsed="0.004754"/>
</kw>
<kw name="Fill Text" owner="Browser">
<msg time="2026-08-27T23:01:39.598090" level="INFO">Fills the text 'tsantos@teste.com.br' in the given field.</msg>
<arg>${locator}</arg>
<arg>${texto}</arg>
<tag>PageContent</tag>
<tag>Setter</tag>
<doc>Clears and fills the given ``txt`` into the text field found by ``selector``.</doc>
<status status="PASS" start="2026-08-27T23:01:39.597409" elapsed="0.008701"/>
</kw>
<arg>${SEND_QUOTE_EMAIL_INPUT}</arg>
<arg>${email}</arg>
<status status="PASS" start="2026-08-27T23:01:39.592113" elapsed="0.014117"/>
</kw>
<arg>${dados.email}</arg>
<doc>Preenche o endereço de e-mail de destino da cotação.</doc>
<status status="PASS" start="2026-08-27T23:01:39.590922" elapsed="0.015360"/>
</kw>
<kw name="Preencher Telefone" owner="send_quote_page">
<kw name="Preencher Campo" owner="base_page">
<kw name="Wait For Elements State" owner="Browser">
<msg time="2026-08-27T23:01:39.611854" level="INFO">Waited for Element with selector id=phone at state visible</msg>
<arg>${locator}</arg>
<arg>visible</arg>
<arg>timeout=${TIMEOUT_DEFAULT}</arg>
<tag>PageContent</tag>
<tag>Wait</tag>
<doc>Waits for the element found by ``selector`` to satisfy state option.</doc>
<status status="PASS" start="2026-08-27T23:01:39.607809" elapsed="0.004248"/>
</kw>
<kw name="Fill Text" owner="Browser">
<msg time="2026-08-27T23:01:39.612640" level="INFO">Fills the text '11987654321' in the given field.</msg>
<arg>${locator}</arg>
<arg>${texto}</arg>
<tag>PageContent</tag>
<tag>Setter</tag>
<doc>Clears and fills the given ``txt`` into the text field found by ``selector``.</doc>
<status status="PASS" start="2026-08-27T23:01:39.612228" elapsed="0.006869"/>
</kw>
<arg>${SEND_QUOTE_PHONE_INPUT}</arg>
<arg>${telefone}</arg>
<status status="PASS" start="2026-08-27T23:01:39.607521" elapsed="0.011666"/>
</kw>
<arg>${dados.phone}</arg>
<doc>Preenche o número de telefone de contato.</doc>
<status status="PASS" start="2026-08-27T23:01:39.606474" elapsed="0.012756"/>
</kw>
<kw name="Preencher Nome De Usuario" owner="send_quote_page">
<kw name="Preencher Campo" owner="base_page">
<kw name="Wait For Elements State" owner="Browser">
<msg time="2026-08-27T23:01:39.625527" level="INFO">Waited for Element with selector id=username at state visible</msg>
<arg>${locator}</arg>
<arg>visible</arg>
<arg>timeout=${TIMEOUT_DEFAULT}</arg>
<tag>PageContent</tag>
<tag>Wait</tag>
<doc>Waits for the element found by ``selector`` to satisfy state option.</doc>
<status status="PASS" start="2026-08-27T23:01:39.620462" elapsed="0.005145"/>
</kw>
<kw name="Fill Text" owner="Browser">
<msg time="2026-08-27T23:01:39.626032" level="INFO">Fills the text 'titoautomation' in the given field.</msg>
<arg>${locator}</arg>
<arg>${texto}</arg>
<tag>PageContent</tag>
<tag>Setter</tag>
<doc>Clears and fills the given ``txt`` into the text field found by ``selector``.</doc>
<status status="PASS" start="2026-08-27T23:01:39.625734" elapsed="0.005288"/>
</kw>
<arg>${SEND_QUOTE_USERNAME_INPUT}</arg>
<arg>${username}</arg>
<status status="PASS" start="2026-08-27T23:01:39.620224" elapsed="0.010877"/>
</kw>
<arg>${dados.username}</arg>
<doc>Preenche o nome de usuário (username).</doc>
<status status="PASS" start="2026-08-27T23:01:39.619390" elapsed="0.011746"/>
</kw>
<kw name="Preencher Senha" owner="send_quote_page">
<kw name="Preencher Campo" owner="base_page">
<kw name="Wait For Elements State" owner="Browser">
<msg time="2026-08-27T23:01:39.634493" level="INFO">Waited for Element with selector id=password at state visible</msg>
<arg>${locator}</arg>
<arg>visible</arg>
<arg>timeout=${TIMEOUT_DEFAULT}</arg>
<tag>PageContent</tag>
<tag>Wait</tag>
<doc>Waits for the element found by ``selector`` to satisfy state option.</doc>
<status status="PASS" start="2026-08-27T23:01:39.632185" elapsed="0.002376"/>
</kw>
<kw name="Fill Text" owner="Browser">
<msg time="2026-08-27T23:01:39.634930" level="INFO">Fills the text 'AutoPass123!' in the given field.</msg>
<arg>${locator}</arg>
<arg>${texto}</arg>
<tag>PageContent</tag>
<tag>Setter</tag>
<doc>Clears and fills the given ``txt`` into the text field found by ``selector``.</doc>
<status status="PASS" start="2026-08-27T23:01:39.634671" elapsed="0.006026"/>
</kw>
<arg>${SEND_QUOTE_PASSWORD_INPUT}</arg>
<arg>${senha}</arg>
<status status="PASS" start="2026-08-27T23:01:39.631977" elapsed="0.008793"/>
</kw>
<arg>${dados.password}</arg>
<doc>Preenche a senha de acesso (deve atender aos critérios de complexidade).</doc>
<status status="PASS" start="2026-08-27T23:01:39.631287" elapsed="0.009515"/>
</kw>
<kw name="Preencher Confirmacao De Senha" owner="send_quote_page">
<kw name="Preencher Campo" owner="base_page">
<kw name="Wait For Elements State" owner="Browser">
<msg time="2026-08-27T23:01:39.644391" level="INFO">Waited for Element with selector id=confirmpassword at state visible</msg>
<arg>${locator}</arg>
<arg>visible</arg>
<arg>timeout=${TIMEOUT_DEFAULT}</arg>
<tag>PageContent</tag>
<tag>Wait</tag>
<doc>Waits for the element found by ``selector`` to satisfy state option.</doc>
<status status="PASS" start="2026-08-27T23:01:39.641859" elapsed="0.002604"/>
</kw>
<kw name="Fill Text" owner="Browser">
<msg time="2026-08-27T23:01:39.644841" level="INFO">Fills the text 'AutoPass123!' in the given field.</msg>
<arg>${locator}</arg>
<arg>${texto}</arg>
<tag>PageContent</tag>
<tag>Setter</tag>
<doc>Clears and fills the given ``txt`` into the text field found by ``selector``.</doc>
<status status="PASS" start="2026-08-27T23:01:39.644571" elapsed="0.004183"/>
</kw>
<arg>${SEND_QUOTE_CONFIRM_PASSWORD_INPUT}</arg>
<arg>${confirmacao_senha}</arg>
<status status="PASS" start="2026-08-27T23:01:39.641662" elapsed="0.007187"/>
</kw>
<arg>${dados.confirm_password}</arg>
<doc>Confirma a senha digitada anteriormente.</doc>
<status status="PASS" start="2026-08-27T23:01:39.640928" elapsed="0.007968"/>
</kw>
<kw name="Preencher Comentarios" owner="send_quote_page">
<kw name="Preencher Campo" owner="base_page">
<kw name="Wait For Elements State" owner="Browser">
<msg time="2026-08-27T23:01:39.652287" level="INFO">Waited for Element with selector id=Comments at state visible</msg>
<arg>${locator}</arg>
<arg>visible</arg>
<arg>timeout=${TIMEOUT_DEFAULT}</arg>
<tag>PageContent</tag>
<tag>Wait</tag>
<doc>Waits for the element found by ``selector`` to satisfy state option.</doc>
<status status="PASS" start="2026-08-27T23:01:39.649798" elapsed="0.002546"/>
</kw>
<kw name="Fill Text" owner="Browser">
<msg time="2026-08-27T23:01:39.652676" level="INFO">Fills the text 'Cotacao gerada para o desafio tecnico de Robot Framework.' in the given field.</msg>
<arg>${locator}</arg>
<arg>${texto}</arg>
<tag>PageContent</tag>
<tag>Setter</tag>
<doc>Clears and fills the given ``txt`` into the text field found by ``selector``.</doc>
<status status="PASS" start="2026-08-27T23:01:39.652442" elapsed="0.004344"/>
</kw>
<arg>${SEND_QUOTE_COMMENTS_TEXTAREA}</arg>
<arg>${comentarios}</arg>
<status status="PASS" start="2026-08-27T23:01:39.649611" elapsed="0.007388"/>
</kw>
<arg>${dados.comments}</arg>
<doc>Preenche comentários adicionais opcionais sobre a cotação.</doc>
<status status="PASS" start="2026-08-27T23:01:39.649005" elapsed="0.008188"/>
</kw>
<arg>${dados}</arg>
<status status="PASS" start="2026-08-27T23:01:39.590550" elapsed="0.066686"/>
</kw>
<kw name="Submeter cotacao" owner="send_quote_keywords">
<kw name="Clicar No Botao Enviar Cotacao" owner="send_quote_page">
<kw name="Clicar No Elemento" owner="base_page">
<kw name="Wait For Elements State" owner="Browser">
<msg time="2026-08-27T23:01:39.660004" level="INFO">Waited for Element with selector id=sendemail at state visible</msg>
<arg>${locator}</arg>
<arg>visible</arg>
<arg>timeout=${TIMEOUT_DEFAULT}</arg>
<tag>PageContent</tag>
<tag>Wait</tag>
<doc>Waits for the element found by ``selector`` to satisfy state option.</doc>
<status status="PASS" start="2026-08-27T23:01:39.658035" elapsed="0.002024"/>
</kw>
<kw name="Click" owner="Browser">
<msg time="2026-08-27T23:01:39.660360" level="INFO">Clicks the element 'id=sendemail'.</msg>
<arg>${locator}</arg>
<tag>PageContent</tag>
<tag>Setter</tag>
<doc>Simulates mouse click on the element found by ``selector``.</doc>
<status status="PASS" start="2026-08-27T23:01:39.660146" elapsed="0.016317"/>
</kw>
<arg>${SEND_QUOTE_SEND_BUTTON}</arg>
<status status="PASS" start="2026-08-27T23:01:39.657877" elapsed="0.018665"/>
</kw>
<doc>Clica no botão 'Send' para submeter a cotação.</doc>
<status status="PASS" start="2026-08-27T23:01:39.657707" elapsed="0.018867"/>
</kw>
<status status="PASS" start="2026-08-27T23:01:39.657469" elapsed="0.019131"/>
</kw>
<status status="PASS" start="2026-08-27T23:01:39.590047" elapsed="0.086575"/>
</kw>
<kw name="Entao a cotacao e enviada com sucesso exibindo a mensagem &quot;Sending e-mail success!&quot;" owner="common_keywords" source_name="Entao a cotacao e enviada com sucesso exibindo a mensagem &quot;${mensagem_esperada}&quot;">
<kw name="Validar Mensagem De Sucesso SweetAlert" owner="base_page">
<kw name="Wait For Elements State" owner="Browser">
<msg time="2026-08-27T23:01:48.052067" level="INFO">Waited for Element with selector css=div.sweet-alert at state visible</msg>
<arg>${SWEET_ALERT_CONTAINER}</arg>
<arg>visible</arg>
<arg>timeout=30s</arg>
<tag>PageContent</tag>
<tag>Wait</tag>
<doc>Waits for the element found by ``selector`` to satisfy state option.</doc>
<status status="PASS" start="2026-08-27T23:01:39.677286" elapsed="8.374970"/>
</kw>
<kw name="Wait For Elements State" owner="Browser">
<msg time="2026-08-27T23:01:48.057451" level="INFO">Waited for Element with selector css=div.sweet-alert h2 at state visible</msg>
<arg>${SWEET_ALERT_TITLE}</arg>
<arg>visible</arg>
<arg>timeout=15s</arg>
<tag>PageContent</tag>
<tag>Wait</tag>
<doc>Waits for the element found by ``selector`` to satisfy state option.</doc>
<status status="PASS" start="2026-08-27T23:01:48.052533" elapsed="0.005039"/>
</kw>
<kw name="Get Text" owner="Browser">
<msg time="2026-08-27T23:01:48.066491" level="INFO">Text: ['Sending e-mail success!']</msg>
<arg>${SWEET_ALERT_TITLE}</arg>
<arg>==</arg>
<arg>${mensagem_esperada}</arg>
<tag>Assertion</tag>
<tag>Getter</tag>
<tag>PageContent</tag>
<doc>Returns text attribute of the element found by ``selector``.</doc>
<status status="PASS" start="2026-08-27T23:01:48.057784" elapsed="0.008854"/>
</kw>
<kw name="Take Screenshot" owner="Browser">
<msg time="2026-08-27T23:01:48.113262" level="INFO" html="true">&lt;/td&gt;&lt;/tr&gt;&lt;tr&gt;&lt;td colspan="3"&gt;&lt;a href="browser/screenshot/evidencia_sucesso_cotacao.png" target="_blank"&gt;&lt;img src="browser/screenshot/evidencia_sucesso_cotacao.png" style="max-width:800px;max-height:800px;"/&gt;&lt;/a&gt;</msg>
<arg>filename=evidencia_sucesso_cotacao</arg>
<tag>PageContent</tag>
<doc>Takes a screenshot of the current window or element and saves it to disk.</doc>
<status status="PASS" start="2026-08-27T23:01:48.066954" elapsed="0.046406"/>
</kw>
<kw name="Click" owner="Browser">
<msg time="2026-08-27T23:01:48.113802" level="INFO">Clicks the element 'css=div.sweet-alert button.confirm'.</msg>
<arg>${SWEET_ALERT_CONFIRM_BUTTON}</arg>
<tag>PageContent</tag>
<tag>Setter</tag>
<doc>Simulates mouse click on the element found by ``selector``.</doc>
<status status="PASS" start="2026-08-27T23:01:48.113504" elapsed="0.302653"/>
</kw>
<kw name="Wait For Elements State" owner="Browser">
<msg time="2026-08-27T23:01:48.605224" level="INFO">Waited for Element with selector css=div.sweet-alert at state hidden</msg>
<arg>${SWEET_ALERT_CONTAINER}</arg>
<arg>hidden</arg>
<arg>timeout=10s</arg>
<tag>PageContent</tag>
<tag>Wait</tag>
<doc>Waits for the element found by ``selector`` to satisfy state option.</doc>
<status status="PASS" start="2026-08-27T23:01:48.416532" elapsed="0.188917"/>
</kw>
<arg>mensagem_esperada=${mensagem_esperada}</arg>
<status status="PASS" start="2026-08-27T23:01:39.677058" elapsed="8.928561"/>
</kw>
<status status="PASS" start="2026-08-27T23:01:39.676798" elapsed="8.928916"/>
</kw>
<kw name="Encerrar sessao de testes" owner="common_keywords" type="TEARDOWN">
<kw name="Encerrar Sessao Do Navegador" owner="base_page">
<kw name="Take Screenshot" owner="Browser">
<msg time="2026-08-27T23:01:48.676135" level="INFO" html="true">&lt;/td&gt;&lt;/tr&gt;&lt;tr&gt;&lt;td colspan="3"&gt;&lt;a href="browser/screenshot/robotframework-browser-screenshot-1.png" target="_blank"&gt;&lt;img src="browser/screenshot/robotframework-browser-screenshot-1.png" style="max-width:800px;max-height:800px;"/&gt;&lt;/a&gt;</msg>
<arg>fullPage=True</arg>
<tag>PageContent</tag>
<doc>Takes a screenshot of the current window or element and saves it to disk.</doc>
<status status="PASS" start="2026-08-27T23:01:48.607293" elapsed="0.068950"/>
</kw>
<kw name="Close Browser" owner="Browser">
<msg time="2026-08-27T23:01:48.810576" level="INFO">Closed browser</msg>
<tag>BrowserControl</tag>
<tag>Setter</tag>
<doc>Closes the current browser.</doc>
<status status="PASS" start="2026-08-27T23:01:48.676392" elapsed="0.134371"/>
</kw>
<status status="PASS" start="2026-08-27T23:01:48.606853" elapsed="0.203998"/>
</kw>
<status status="PASS" start="2026-08-27T23:01:48.606263" elapsed="0.204757"/>
</kw>
<doc>Valida o preenchimento de todas as 5 abas do formulário de seguro e
a exibição da mensagem de sucesso 'Sending e-mail success!' na tela.</doc>
<tag>cotacao_sucesso</tag>
<status status="PASS" start="2026-08-27T23:01:33.325560" elapsed="15.485592"/>
</test>
<doc>Suíte de testes automatizados para o portal de seguros Tricentis.
Validação de todo o fluxo de contratação de seguro de automóvel</doc>
<status status="PASS" start="2026-08-27T23:01:33.158712" elapsed="15.658667"/>
</suite>
<statistics>
<total>
<stat pass="1" fail="0" skip="0">All Tests</stat>
</total>
<tag>
<stat pass="1" fail="0" skip="0">cotacao_sucesso</stat>
</tag>
<suite>
<stat name="Cotacao Seguro" id="s1" pass="1" fail="0" skip="0">Cotacao Seguro</stat>
</suite>
</statistics>
<errors>
</errors>
</robot>
